<?xml version="1.0" encoding="UTF-8"?>
<!-- Generated by org.testng.reporters.JUnitReportReporter -->
<testsuite hostname="TYSS-Shivakumar-H-R" failures="0" tests="1" name="com.testcase.TS_DWS_001test" time="8.288" errors="0" timestamp="2024-03-12T15:37:39 IST" skipped="0">
  <testcase classname="com.testcase.TS_DWS_001test" name="enetringDataintoSearchField" time="8.288"/>
</testsuite> <!-- com.testcase.TS_DWS_001test -->
