<?xml version="1.0" encoding="UTF-8"?>
<!-- Generated by org.testng.reporters.JUnitReportReporter -->
<testsuite hostname="TYSS-Shivakumar-H-R" failures="0" tests="1" name="com.testcase.TS_DWS_001" time="7.611" errors="0" timestamp="2024-03-12T11:53:21 IST" skipped="0">
  <testcase classname="com.testcase.TS_DWS_001" name="enetringDataintoSearchField" time="7.611"/>
</testsuite> <!-- com.testcase.TS_DWS_001 -->
